[2014-11-25 11:17:26] MicroCMS.INFO: Matched route "GET_" (parameters: "_controller": "{}", "_route": "GET_") [] []
[2014-11-25 11:17:26] MicroCMS.INFO: Populated SecurityContext with an anonymous Token [] []
[2014-11-25 11:17:26] MicroCMS.INFO: > GET / [] []
[2014-11-25 11:17:26] MicroCMS.INFO: < 200 [] []
[2014-11-25 11:17:26] MicroCMS.INFO: Matched route "_wdt" (parameters: "_controller": "web_profiler.controller.profiler:toolbarAction", "token": "b8510b", "_route": "_wdt") [] []
[2014-11-25 11:17:26] MicroCMS.INFO: Populated SecurityContext with an anonymous Token [] []
[2014-11-25 11:17:26] MicroCMS.INFO: > GET /_profiler/wdt/b8510b [] []
[2014-11-25 11:17:26] MicroCMS.INFO: < 200 [] []
[2014-11-25 11:17:50] MicroCMS.INFO: Matched route "_profiler_phpinfo" (parameters: "_controller": "web_profiler.controller.profiler:phpinfoAction", "_route": "_profiler_phpinfo") [] []
[2014-11-25 11:17:50] MicroCMS.INFO: Populated SecurityContext with an anonymous Token [] []
[2014-11-25 11:17:50] MicroCMS.INFO: > GET /_profiler/phpinfo [] []
[2014-11-25 11:17:50] MicroCMS.INFO: < 200 [] []
[2014-11-25 11:17:59] MicroCMS.INFO: Matched route "_profiler" (parameters: "_controller": "web_profiler.controller.profiler:panelAction", "token": "b8510b", "_route": "_profiler") [] []
[2014-11-25 11:17:59] MicroCMS.INFO: Populated SecurityContext with an anonymous Token [] []
[2014-11-25 11:17:59] MicroCMS.INFO: > GET /_profiler/b8510b?panel=request [] []
[2014-11-25 11:17:59] MicroCMS.INFO: Matched route "_wdt" (parameters: "_controller": "web_profiler.controller.profiler:toolbarAction", "token": "b8510b", "_route": "_wdt") [] []
[2014-11-25 11:17:59] MicroCMS.INFO: Matched route "_profiler_search_bar" (parameters: "_controller": "web_profiler.controller.profiler:searchBarAction", "_route": "_profiler_search_bar") [] []
[2014-11-25 11:17:59] MicroCMS.INFO: < 200 [] []
[2014-11-25 11:18:02] MicroCMS.INFO: Matched route "_profiler" (parameters: "_controller": "web_profiler.controller.profiler:panelAction", "token": "b8510b", "_route": "_profiler") [] []
[2014-11-25 11:18:02] MicroCMS.INFO: Populated SecurityContext with an anonymous Token [] []
[2014-11-25 11:18:02] MicroCMS.INFO: > GET /_profiler/b8510b?panel=events [] []
[2014-11-25 11:18:02] MicroCMS.INFO: Matched route "_wdt" (parameters: "_controller": "web_profiler.controller.profiler:toolbarAction", "token": "b8510b", "_route": "_wdt") [] []
[2014-11-25 11:18:02] MicroCMS.INFO: Matched route "_profiler_search_bar" (parameters: "_controller": "web_profiler.controller.profiler:searchBarAction", "_route": "_profiler_search_bar") [] []
[2014-11-25 11:18:02] MicroCMS.INFO: < 200 [] []
[2014-11-25 11:18:03] MicroCMS.INFO: Matched route "_profiler" (parameters: "_controller": "web_profiler.controller.profiler:panelAction", "token": "b8510b", "_route": "_profiler") [] []
[2014-11-25 11:18:03] MicroCMS.INFO: Populated SecurityContext with an anonymous Token [] []
[2014-11-25 11:18:03] MicroCMS.INFO: > GET /_profiler/b8510b?panel=time [] []
[2014-11-25 11:18:03] MicroCMS.INFO: Matched route "_wdt" (parameters: "_controller": "web_profiler.controller.profiler:toolbarAction", "token": "b8510b", "_route": "_wdt") [] []
[2014-11-25 11:18:04] MicroCMS.INFO: Matched route "_profiler_search_bar" (parameters: "_controller": "web_profiler.controller.profiler:searchBarAction", "_route": "_profiler_search_bar") [] []
[2014-11-25 11:18:04] MicroCMS.INFO: < 200 [] []
[2014-11-25 11:22:58] MicroCMS.ERROR: Symfony\Component\HttpKernel\Exception\NotFoundHttpException: No route found for "GET /dummpy" (uncaught exception) at M:\xampp\htdocs\MicroCMS\vendor\symfony\http-kernel\Symfony\Component\HttpKernel\EventListener\RouterListener.php line 145 {"exception":"[object] (Symfony\\Component\\HttpKernel\\Exception\\NotFoundHttpException: No route found for \"GET /dummpy\" at M:\\xampp\\htdocs\\MicroCMS\\vendor\\symfony\\http-kernel\\Symfony\\Component\\HttpKernel\\EventListener\\RouterListener.php:145, Symfony\\Component\\Routing\\Exception\\ResourceNotFoundException:  at M:\\xampp\\htdocs\\MicroCMS\\vendor\\symfony\\routing\\Symfony\\Component\\Routing\\Matcher\\UrlMatcher.php:96)"} []
[2014-11-25 11:22:58] MicroCMS.INFO: < 404 [] []
[2014-11-25 11:22:59] MicroCMS.INFO: Matched route "_wdt" (parameters: "_controller": "web_profiler.controller.profiler:toolbarAction", "token": "fa9b88", "_route": "_wdt") [] []
[2014-11-25 11:22:59] MicroCMS.INFO: Populated SecurityContext with an anonymous Token [] []
[2014-11-25 11:22:59] MicroCMS.INFO: > GET /_profiler/wdt/fa9b88 [] []
[2014-11-25 11:22:59] MicroCMS.INFO: < 200 [] []
[2014-11-25 11:23:05] MicroCMS.ERROR: Symfony\Component\HttpKernel\Exception\NotFoundHttpException: No route found for "GET /dummy" (uncaught exception) at M:\xampp\htdocs\MicroCMS\vendor\symfony\http-kernel\Symfony\Component\HttpKernel\EventListener\RouterListener.php line 145 {"exception":"[object] (Symfony\\Component\\HttpKernel\\Exception\\NotFoundHttpException: No route found for \"GET /dummy\" at M:\\xampp\\htdocs\\MicroCMS\\vendor\\symfony\\http-kernel\\Symfony\\Component\\HttpKernel\\EventListener\\RouterListener.php:145, Symfony\\Component\\Routing\\Exception\\ResourceNotFoundException:  at M:\\xampp\\htdocs\\MicroCMS\\vendor\\symfony\\routing\\Symfony\\Component\\Routing\\Matcher\\UrlMatcher.php:96)"} []
[2014-11-25 11:23:05] MicroCMS.INFO: < 404 [] []
[2014-11-25 11:23:06] MicroCMS.INFO: Matched route "_wdt" (parameters: "_controller": "web_profiler.controller.profiler:toolbarAction", "token": "05fc86", "_route": "_wdt") [] []
[2014-11-25 11:23:06] MicroCMS.INFO: Populated SecurityContext with an anonymous Token [] []
[2014-11-25 11:23:06] MicroCMS.INFO: > GET /_profiler/wdt/05fc86 [] []
[2014-11-25 11:23:06] MicroCMS.INFO: < 200 [] []
[2014-11-25 11:23:12] MicroCMS.ERROR: Symfony\Component\HttpKernel\Exception\NotFoundHttpException: No route found for "GET /dummy" (uncaught exception) at M:\xampp\htdocs\MicroCMS\vendor\symfony\http-kernel\Symfony\Component\HttpKernel\EventListener\RouterListener.php line 145 {"exception":"[object] (Symfony\\Component\\HttpKernel\\Exception\\NotFoundHttpException: No route found for \"GET /dummy\" at M:\\xampp\\htdocs\\MicroCMS\\vendor\\symfony\\http-kernel\\Symfony\\Component\\HttpKernel\\EventListener\\RouterListener.php:145, Symfony\\Component\\Routing\\Exception\\ResourceNotFoundException:  at M:\\xampp\\htdocs\\MicroCMS\\vendor\\symfony\\routing\\Symfony\\Component\\Routing\\Matcher\\UrlMatcher.php:96)"} []
[2014-11-25 11:23:12] MicroCMS.INFO: < 404 [] []
[2014-11-25 11:23:12] MicroCMS.INFO: Matched route "_wdt" (parameters: "_controller": "web_profiler.controller.profiler:toolbarAction", "token": "9fbb80", "_route": "_wdt") [] []
[2014-11-25 11:23:12] MicroCMS.INFO: Populated SecurityContext with an anonymous Token [] []
[2014-11-25 11:23:12] MicroCMS.INFO: > GET /_profiler/wdt/9fbb80 [] []
[2014-11-25 11:23:13] MicroCMS.INFO: < 200 [] []
[2014-11-25 11:23:22] MicroCMS.ERROR: Symfony\Component\HttpKernel\Exception\NotFoundHttpException: No route found for "GET /dummy" (uncaught exception) at M:\xampp\htdocs\MicroCMS\vendor\symfony\http-kernel\Symfony\Component\HttpKernel\EventListener\RouterListener.php line 145 {"exception":"[object] (Symfony\\Component\\HttpKernel\\Exception\\NotFoundHttpException: No route found for \"GET /dummy\" at M:\\xampp\\htdocs\\MicroCMS\\vendor\\symfony\\http-kernel\\Symfony\\Component\\HttpKernel\\EventListener\\RouterListener.php:145, Symfony\\Component\\Routing\\Exception\\ResourceNotFoundException:  at M:\\xampp\\htdocs\\MicroCMS\\vendor\\symfony\\routing\\Symfony\\Component\\Routing\\Matcher\\UrlMatcher.php:96)"} []
[2014-11-25 11:23:22] MicroCMS.INFO: < 404 [] []
[2014-11-25 11:23:22] MicroCMS.INFO: Matched route "_wdt" (parameters: "_controller": "web_profiler.controller.profiler:toolbarAction", "token": "1b8731", "_route": "_wdt") [] []
[2014-11-25 11:23:22] MicroCMS.INFO: Populated SecurityContext with an anonymous Token [] []
[2014-11-25 11:23:22] MicroCMS.INFO: > GET /_profiler/wdt/1b8731 [] []
[2014-11-25 11:23:22] MicroCMS.INFO: < 200 [] []
[2014-11-25 11:23:54] MicroCMS.ERROR: Symfony\Component\HttpKernel\Exception\NotFoundHttpException: No route found for "GET /dummy" (uncaught exception) at M:\xampp\htdocs\MicroCMS\vendor\symfony\http-kernel\Symfony\Component\HttpKernel\EventListener\RouterListener.php line 145 {"exception":"[object] (Symfony\\Component\\HttpKernel\\Exception\\NotFoundHttpException: No route found for \"GET /dummy\" at M:\\xampp\\htdocs\\MicroCMS\\vendor\\symfony\\http-kernel\\Symfony\\Component\\HttpKernel\\EventListener\\RouterListener.php:145, Symfony\\Component\\Routing\\Exception\\ResourceNotFoundException:  at M:\\xampp\\htdocs\\MicroCMS\\vendor\\symfony\\routing\\Symfony\\Component\\Routing\\Matcher\\UrlMatcher.php:96)"} []
[2014-11-25 11:23:54] MicroCMS.INFO: < 404 [] []
[2014-11-25 11:23:54] MicroCMS.INFO: Matched route "_wdt" (parameters: "_controller": "web_profiler.controller.profiler:toolbarAction", "token": "20a089", "_route": "_wdt") [] []
[2014-11-25 11:23:54] MicroCMS.INFO: Populated SecurityContext with an anonymous Token [] []
[2014-11-25 11:23:54] MicroCMS.INFO: > GET /_profiler/wdt/20a089 [] []
[2014-11-25 11:23:54] MicroCMS.INFO: < 200 [] []
